<?xml version="1.0" encoding="UTF-8"?>
<!-- Generated by org.testng.reporters.JUnitXMLReporter -->
<testsuite ignored="1" hostname="LAPTOP-S39KFG9R" failures="0" tests="1" name="Default test" time="18.987" errors="0" timestamp="2024-10-07T16:15:12 CST">
  <testcase classname="tests.SearchGoogleTest" name="SearchOnGoogleFactory" time="0.357"/>
  <testcase classname="tests.SearchGoogleTest" name="SearchOnGoogle" time="0.0">
    <ignored/>
  </testcase> <!-- SearchOnGoogle -->
</testsuite> <!-- Default test -->
