<?xml version="1.0" encoding="UTF-8"?>
<!-- Generated by org.testng.reporters.JUnitXMLReporter -->
<testsuite ignored="1" hostname="LAPTOP-S39KFG9R" failures="0" tests="1" name="Default test" time="26.182" errors="0" timestamp="2024-10-07T15:34:39 CST">
  <testcase classname="tests.SearchGoogleTest" name="SearchOnGoogleFactory" time="7.611"/>
  <testcase classname="tests.SearchGoogleTest" name="SearchOnGoogle" time="0.0">
    <ignored/>
  </testcase> <!-- SearchOnGoogle -->
</testsuite> <!-- Default test -->
